<?xml version="1.0" encoding="UTF-8"?>
<!-- Generated by org.testng.reporters.JUnitReportReporter -->
<testsuite hostname="LAPTOP-N9NVIK3B" failures="0" tests="1" name="testCases.TC_002_LoginTest" time="3.527" errors="0" timestamp="2024-07-15T06:12:38 IST" skipped="0">
  <testcase classname="testCases.TC_002_LoginTest" name="test_Login" time="3.527"/>
  <system-out/>
</testsuite> <!-- testCases.TC_002_LoginTest -->
